\BOOKMARK [1][-]{Resumo.1}{Resumo}{}% 1
\BOOKMARK [1][-]{Abstract.1}{Abstract}{}% 2
\BOOKMARK [1][-]{tableofcontents.1}{Sum\341rio}{}% 3
\BOOKMARK [1][-]{lof.1}{Lista de Figuras}{}% 4
\BOOKMARK [1][-]{lot.1}{Lista de Tabelas}{}% 5
\BOOKMARK [1][-]{lol.1}{Listings}{}% 6
\BOOKMARK [1][-]{acronyms.1}{Acronyms}{}% 7
\BOOKMARK [-1][]{part.1}{Fundamentos te\363ricos}{}% 8
\BOOKMARK [0][]{chapter.1}{1 Introdu\347\343o}{part.1}% 9
\BOOKMARK [1][-]{section.1.1}{1.1 M\351todos computacionais de modelagem estrutural}{chapter.1}% 10
\BOOKMARK [1][-]{section.1.2}{1.2 Hip\363teses sobre o enovelamento}{chapter.1}% 11
\BOOKMARK [0][]{chapter.2}{2 Objetivos}{part.1}% 12
\BOOKMARK [0][]{chapter.3}{3 Justificativa}{part.1}% 13
\BOOKMARK [-1][]{part.2}{Desenvolvimento}{}% 14
\BOOKMARK [0][]{chapter.4}{4 Dados}{part.2}% 15
\BOOKMARK [1][-]{section.4.1}{4.1 Prote\355nas com alt\355ssima identidade sequ\352ncial e diferentes estruturas terci\341rias e secund\341rias}{chapter.4}% 16
\BOOKMARK [1][-]{section.4.2}{4.2 Prote\355nas diversas}{chapter.4}% 17
\BOOKMARK [0][]{chapter.5}{5 Implementa\347\343o}{part.2}% 18
\BOOKMARK [1][-]{section.5.1}{5.1 Aut\364mato celular}{chapter.5}% 19
\BOOKMARK [2][-]{subsection.5.1.1}{5.1.1 Modelo inicial}{section.5.1}% 20
\BOOKMARK [2][-]{subsection.5.1.2}{5.1.2 Modelos extendidos}{section.5.1}% 21
\BOOKMARK [1][-]{section.5.2}{5.2 EDA}{chapter.5}% 22
\BOOKMARK [2][-]{subsection.5.2.1}{5.2.1 Fun\347\343o de fitness}{section.5.2}% 23
\BOOKMARK [1][-]{section.5.3}{5.3 Implementa\347\343o}{chapter.5}% 24
\BOOKMARK [-1][]{part.3}{Resultados}{}% 25
\BOOKMARK [0][]{chapter.6}{6 An\341lise dos dados}{part.3}% 26
\BOOKMARK [0][]{chapter.7}{7 Aprendizado de regras}{part.3}% 27
\BOOKMARK [1][-]{section.7.1}{7.1 Aut\364mato celular}{chapter.7}% 28
\BOOKMARK [1][-]{section.7.2}{7.2 EDA}{chapter.7}% 29
\BOOKMARK [0][]{chapter.8}{8 Aprendizado das regras gerais}{part.3}% 30
\BOOKMARK [1][-]{section.8.1}{8.1 contagem de aa}{chapter.8}% 31
\BOOKMARK [0][]{chapter.9}{9 An\341lise das regras gerais}{part.3}% 32
\BOOKMARK [-1][]{part.4}{Perspectivas futuras}{}% 33
\BOOKMARK [0][]{chapter.10}{10 Desafios futuros}{part.4}% 34
\BOOKMARK [0][]{chapter.11}{11 Alternativas em an\341lise}{part.4}% 35
\BOOKMARK [-1][]{part.5}{Appendix}{}% 36
\BOOKMARK [0][]{dummy.6}{Bibliografia}{part.5}% 37
\BOOKMARK [0][]{declaration.0}{Declaration}{part.5}% 38
\BOOKMARK [0][]{colophon.0}{Colophon}{part.5}% 39
